<?xml version="1.0" encoding="UTF-8"?>
<testng-results skipped="0" failed="0" ignored="0" total="1" passed="1">
  <reporter-output>
  </reporter-output>
  <suite name="Default suite" duration-ms="5741" started-at="2019-02-24T01:06:17Z" finished-at="2019-02-24T01:06:23Z">
    <groups>
    </groups>
    <test name="Default test" duration-ms="5741" started-at="2019-02-24T01:06:17Z" finished-at="2019-02-24T01:06:23Z">
      <class name="com.maven.selenium.appium.AndroidCapabilities">
        <test-method status="PASS" signature="setUpTest()[pri:0, instance:com.maven.selenium.appium.AndroidCapabilities@319b92f3]" name="setUpTest" is-config="true" duration-ms="4618" started-at="2019-02-24T01:06:17Z" finished-at="2019-02-24T01:06:21Z">
          <reporter-output>
          </reporter-output>
        </test-method> <!-- setUpTest -->
        <test-method status="PASS" signature="androidTest()[pri:0, instance:com.maven.selenium.appium.AndroidCapabilities@319b92f3]" name="androidTest" duration-ms="585" started-at="2019-02-24T01:06:21Z" finished-at="2019-02-24T01:06:22Z">
          <reporter-output>
          </reporter-output>
        </test-method> <!-- androidTest -->
        <test-method status="PASS" signature="tearDown()[pri:0, instance:com.maven.selenium.appium.AndroidCapabilities@319b92f3]" name="tearDown" is-config="true" duration-ms="514" started-at="2019-02-24T01:06:22Z" finished-at="2019-02-24T01:06:23Z">
          <reporter-output>
          </reporter-output>
        </test-method> <!-- tearDown -->
      </class> <!-- com.maven.selenium.appium.AndroidCapabilities -->
    </test> <!-- Default test -->
  </suite> <!-- Default suite -->
</testng-results>
